=== Starting migration
Operations to perform:
  Apply all migrations: accounts, admin, auth, authtoken, communications, contacts, contenttypes, dashboard, deals, integrations, leads, quotes, sessions, tenants, tickets, workflows
Running migrations:
  Applying contenttypes.0001_initial...
 OK
  Applying auth.0001_initial...
 OK
  Applying accounts.0001_initial...
 OK
  Applying admin.0001_initial...
 OK
  Applying authtoken.0001_initial...
 OK
  Applying communications.0001_initial...
 OK
  Applying contacts.0001_initial...
 OK
  Applying dashboard.0001_initial...
 OK
  Applying deals.0001_initial...
 OK
  Applying integrations.0001_initial...
 OK
  Applying leads.0001_initial...
 OK
  Applying quotes.0001_initial...
 OK
  Applying sessions.0001_initial...
 OK
  Applying tenants.0001_initial...
 OK
  Applying tickets.0001_initial...
 OK
  Applying workflows.0001_initial...
 OK
